mktextfm ecrm1000
mktextfm ecrm1095
mktextfm ecrm1000
mktextfm ecrm1095
mktextfm pplr8t
mktextfm phvr8t
mktextfm phvr8t
mktextfm phvr8t
mktextfm phvb8t
mktextfm nullfont
mktextfm pplr8t
mktextfm phvb8t
mktextfm nullfont
mktextfm phvr8t
mktextfm phvb8t
mktextfm nullfont
mktextfm phvb8t
mktextfm nullfont
mktextfm pplr8t
mktextfm pcrr8t
mktextfm pplb8t
mktextfm nullfont
mktextfm pplri8t
mktextfm pplro8t
mktextfm pplr8t
mktextfm phvr8t
mktextfm phvb8t
mktextfm nullfont
mktextfm pplr8t
mktextfm pplr8t
mktextfm pplri8t
mktextfm ecrm1000
mktextfm ecrm1095
mktextfm pplr8t
mktextfm phvr8t
mktextfm phvr8t
mktextfm phvr8t
mktextfm phvb8t
mktextfm nullfont
mktextfm pplr8t
mktextfm phvb8t
mktextfm nullfont
mktextfm phvr8t
mktextfm phvb8t
mktextfm nullfont
mktextfm phvb8t
mktextfm nullfont
mktextfm pplr8t
mktextfm pplb8t
mktextfm nullfont
mktextfm pcrr8t
mktextfm pplri8t
mktextfm pplro8t
mktextfm pplr8t
mktextfm phvr8t
mktextfm phvb8t
mktextfm nullfont
mktextfm pplr8t
mktextfm pplr8t
mktextfm pplri8t
