0;1.847041898934436;9.99999999995449E-6;[1.847e+00]MUL(SUB(RPOW6.0(MUL(RPOW6.0(a),RPOW6.0(6.759941423888598))),RPOW6.0(SUM(SUB(0.12183954027042176,a),SUB(8.666348442030461,a)))),MUL(RPOW6.0(MUL(MUL(-2.5202298117825155,a),SUB(a,a))),SUB(SUM(RPOW6.0(8.244280888236354),MUL(-1.7155035105642646,a)),MUL(SUB(a,a),MUL(4.626737450368596,-6.445933679649498)))))
1;1.847041898934436;9.99999999995449E-6;[1.847e+00]MUL(SUB(RPOW6.0(MUL(RPOW6.0(a),RPOW6.0(6.759941423888598))),RPOW6.0(SUM(SUB(0.12183954027042176,a),SUB(8.666348442030461,a)))),MUL(RPOW6.0(MUL(MUL(-2.5202298117825155,a),SUB(a,a))),SUB(SUM(RPOW6.0(8.244280888236354),MUL(-1.7155035105642646,a)),MUL(SUB(a,a),MUL(4.626737450368596,-6.445933679649498)))))
2;1.847041898934436;9.99999999995449E-6;[1.847e+00]MUL(SUB(RPOW6.0(MUL(RPOW6.0(a),RPOW6.0(6.759941423888598))),RPOW6.0(SUM(SUB(0.12183954027042176,a),SUB(8.666348442030461,a)))),MUL(RPOW6.0(MUL(MUL(-2.5202298117825155,a),SUB(a,a))),SUB(SUM(RPOW6.0(8.244280888236354),MUL(-1.7155035105642646,a)),MUL(SUB(a,a),MUL(4.626737450368596,-6.445933679649498)))))
3;1.847041898934436;9.99999999995449E-6;[1.847e+00]MUL(SUB(RPOW6.0(MUL(RPOW6.0(a),RPOW6.0(6.759941423888598))),RPOW6.0(SUM(SUB(0.12183954027042176,a),SUB(8.666348442030461,a)))),MUL(RPOW6.0(MUL(MUL(-2.5202298117825155,a),SUB(a,a))),SUB(SUM(RPOW6.0(8.244280888236354),MUL(-1.7155035105642646,a)),MUL(SUB(a,a),MUL(4.626737450368596,-6.445933679649498)))))
4;1.847041898934436;9.99999999995449E-6;[1.847e+00]MUL(SUB(RPOW6.0(MUL(RPOW6.0(a),RPOW6.0(6.759941423888598))),RPOW6.0(SUM(SUB(0.12183954027042176,a),SUB(8.666348442030461,a)))),MUL(RPOW6.0(MUL(MUL(-2.5202298117825155,a),SUB(a,a))),SUB(SUM(RPOW6.0(8.244280888236354),MUL(-1.7155035105642646,a)),MUL(SUB(a,a),MUL(4.626737450368596,-6.445933679649498)))))
5;1.6984072698246555;9.99999999995449E-6;[1.698e+00]MUL(a,0.41045833436314183)
6;1.6984072698246555;9.99999999995449E-6;[1.698e+00]MUL(a,0.41045833436314183)
7;1.6984072698246555;9.99999999995449E-6;[1.698e+00]MUL(a,0.41045833436314183)
8;1.6251985059836407;9.99999999995449E-6;[1.625e+00]MUL(0.39953434093624907,a)
9;1.6251985059836407;9.99999999995449E-6;[1.625e+00]MUL(0.39953434093624907,a)
10;1.6251985059836407;9.99999999995449E-6;[1.625e+00]MUL(0.39953434093624907,a)
11;1.6251985059836407;9.99999999995449E-6;[1.625e+00]MUL(0.39953434093624907,a)
12;1.6251985059836407;9.99999999995449E-6;[1.625e+00]MUL(0.39953434093624907,a)
13;1.6251985059836407;9.99999999995449E-6;[1.625e+00]MUL(0.39953434093624907,a)
14;1.6251985059836407;9.99999999995449E-6;[1.625e+00]MUL(0.39953434093624907,a)
15;1.6251985059836407;9.99999999995449E-6;[1.625e+00]MUL(0.39953434093624907,a)
16;1.6251985059836407;9.99999999995449E-6;[1.625e+00]MUL(0.39953434093624907,a)
17;1.6251985059836407;9.99999999995449E-6;[1.625e+00]MUL(0.39953434093624907,a)
18;1.6251985059836407;9.99999999995449E-6;[1.625e+00]MUL(0.39953434093624907,a)
19;1.6251985059836407;9.99999999995449E-6;[1.625e+00]MUL(0.39953434093624907,a)
20;1.6251985059836407;9.99999999995449E-6;[1.625e+00]MUL(0.39953434093624907,a)
21;1.6251985059836407;9.99999999995449E-6;[1.625e+00]MUL(0.39953434093624907,a)
22;1.6251985059836407;9.99999999995449E-6;[1.625e+00]MUL(0.39953434093624907,a)
23;1.5436547266178182;9.99999999995449E-6;[1.544e+00]MUL(a,0.0443927657857941)
24;1.5436547266178182;9.99999999995449E-6;[1.544e+00]MUL(a,0.0443927657857941)
25;1.5436547266178182;9.99999999995449E-6;[1.544e+00]MUL(a,0.0443927657857941)
26;1.5436547266178182;9.99999999995449E-6;[1.544e+00]MUL(a,0.0443927657857941)
27;1.5436547266178182;9.99999999995449E-6;[1.544e+00]MUL(a,0.0443927657857941)
28;1.5436547266178182;9.99999999995449E-6;[1.544e+00]MUL(a,0.0443927657857941)
29;1.5436547266178182;9.99999999995449E-6;[1.544e+00]MUL(a,0.0443927657857941)
30;1.5436547266178182;9.99999999995449E-6;[1.544e+00]MUL(a,0.0443927657857941)
31;1.5436547266178182;9.99999999995449E-6;[1.544e+00]MUL(a,0.0443927657857941)
32;1.5436547266178182;9.99999999995449E-6;[1.544e+00]MUL(a,0.0443927657857941)
33;1.5436547266178182;9.99999999995449E-6;[1.544e+00]MUL(a,0.0443927657857941)
34;1.5436547266178182;9.99999999995449E-6;[1.544e+00]MUL(a,0.0443927657857941)
35;1.5436547266178182;9.99999999995449E-6;[1.544e+00]MUL(a,0.0443927657857941)
36;1.5436547266178182;9.99999999995449E-6;[1.544e+00]MUL(a,0.0443927657857941)
37;1.5436547266178182;9.99999999995449E-6;[1.544e+00]MUL(a,0.0443927657857941)
38;1.5436547266178182;9.99999999995449E-6;[1.544e+00]MUL(a,0.0443927657857941)
39;1.5436547266178182;9.99999999995449E-6;[1.544e+00]MUL(a,0.0443927657857941)
40;1.5436547266178182;9.99999999995449E-6;[1.544e+00]MUL(a,0.0443927657857941)
41;1.5436547266178182;9.99999999995449E-6;[1.544e+00]MUL(a,0.0443927657857941)
42;1.5436547266178182;9.99999999995449E-6;[1.544e+00]MUL(a,0.0443927657857941)
43;1.5436547266178182;9.99999999995449E-6;[1.544e+00]MUL(a,0.0443927657857941)
44;1.5436547266178182;9.99999999995449E-6;[1.544e+00]MUL(a,0.0443927657857941)
45;1.5436547266178182;9.99999999995449E-6;[1.544e+00]MUL(a,0.0443927657857941)
46;1.5436547266178182;9.99999999995449E-6;[1.544e+00]MUL(a,0.0443927657857941)
47;1.5436547266178182;9.99999999995449E-6;[1.544e+00]MUL(a,0.0443927657857941)
48;1.5436547266178182;9.99999999995449E-6;[1.544e+00]MUL(a,0.0443927657857941)
49;1.5436547266178182;9.99999999995449E-6;[1.544e+00]MUL(a,0.0443927657857941)
50;1.3626418307324153;9.99999999995449E-6;[1.363e+00]SUM(a,MUL(-0.9224761467420795,a))
51;1.3626418307324153;9.99999999995449E-6;[1.363e+00]SUM(a,MUL(-0.9224761467420795,a))
52;1.3626418307324153;9.99999999995449E-6;[1.363e+00]SUM(a,MUL(-0.9224761467420795,a))
53;1.3626418307324153;9.99999999995449E-6;[1.363e+00]SUM(a,MUL(-0.9224761467420795,a))
54;1.067608440764131;9.99999999995449E-6;[1.068e+00]MUL(0.2638617377265078,a)
55;1.067608440764131;9.99999999995449E-6;[1.068e+00]MUL(0.2638617377265078,a)
56;1.067608440764131;9.99999999995449E-6;[1.068e+00]MUL(0.2638617377265078,a)
57;1.067608440764131;9.99999999995449E-6;[1.068e+00]MUL(0.2638617377265078,a)
58;1.067608440764131;9.99999999995449E-6;[1.068e+00]MUL(0.2638617377265078,a)
59;1.067608440764131;9.99999999995449E-6;[1.068e+00]MUL(0.2638617377265078,a)
60;1.067608440764131;9.99999999995449E-6;[1.068e+00]MUL(0.2638617377265078,a)
61;1.067608440764131;9.99999999995449E-6;[1.068e+00]MUL(0.2638617377265078,a)
62;1.067608440764131;9.99999999995449E-6;[1.068e+00]MUL(0.2638617377265078,a)
63;1.067608440764131;9.99999999995449E-6;[1.068e+00]MUL(0.2638617377265078,a)
64;1.067608440764131;9.99999999995449E-6;[1.068e+00]MUL(0.2638617377265078,a)
65;1.067608440764131;9.99999999995449E-6;[1.068e+00]MUL(0.2638617377265078,a)
66;1.067608440764131;9.99999999995449E-6;[1.068e+00]MUL(0.2638617377265078,a)
67;1.067608440764131;9.99999999995449E-6;[1.068e+00]MUL(0.2638617377265078,a)
68;1.067608440764131;9.99999999995449E-6;[1.068e+00]MUL(0.2638617377265078,a)
69;1.067608440764131;9.99999999995449E-6;[1.068e+00]MUL(0.2638617377265078,a)
70;1.067608440764131;9.99999999995449E-6;[1.068e+00]MUL(0.2638617377265078,a)
71;1.067608440764131;9.99999999995449E-6;[1.068e+00]MUL(0.2638617377265078,a)
72;1.032336614182016;9.99999999995449E-6;[1.032e+00]SUB(MUL(SUB(-8.10525414208451,-8.506829576317719),SUM(a,a)),a)
73;1.032336614182016;9.99999999995449E-6;[1.032e+00]SUB(MUL(SUB(-8.10525414208451,-8.506829576317719),SUM(a,a)),a)
74;1.032336614182016;9.99999999995449E-6;[1.032e+00]SUB(MUL(SUB(-8.10525414208451,-8.506829576317719),SUM(a,a)),a)
75;0.5771708290459239;0.42283494266236654;[5.772e-01]SUB(a,MUL(MUL(a,a),a))
76;0.5771708290459239;0.42283494266236654;[5.772e-01]SUB(a,MUL(MUL(a,a),a))
77;0.5771708290459239;0.42283494266236654;[5.772e-01]SUB(a,MUL(MUL(a,a),a))
78;0.5771708290459239;0.42283494266236654;[5.772e-01]SUB(a,MUL(MUL(a,a),a))
79;0.5771708290459239;0.42283494266236654;[5.772e-01]SUB(a,MUL(MUL(a,a),a))
80;0.5771708290459239;0.42283494266236654;[5.772e-01]SUB(a,MUL(MUL(a,a),a))
81;0.5771708290459239;0.42283494266236654;[5.772e-01]SUB(a,MUL(MUL(a,a),a))
82;0.5771708290459239;0.42283494266236654;[5.772e-01]SUB(a,MUL(MUL(a,a),a))
83;0.5771708290459239;0.42283494266236654;[5.772e-01]SUB(a,MUL(MUL(a,a),a))
84;0.5771708290459239;0.42283494266236654;[5.772e-01]SUB(a,MUL(MUL(a,a),a))
85;0.5771708290459239;0.42283494266236654;[5.772e-01]SUB(a,MUL(MUL(a,a),a))
86;0.5771708290459239;0.42283494266236654;[5.772e-01]SUB(a,MUL(MUL(a,a),a))
87;0.5771708290459239;0.42283494266236654;[5.772e-01]SUB(a,MUL(MUL(a,a),a))
88;0.5771708290459239;0.42283494266236654;[5.772e-01]SUB(a,MUL(MUL(a,a),a))
89;0.5771708290459239;0.42283494266236654;[5.772e-01]SUB(a,MUL(MUL(a,a),a))
90;0.5771708290459239;0.42283494266236654;[5.772e-01]SUB(a,MUL(MUL(a,a),a))
91;0.5771708290459239;0.42283494266236654;[5.772e-01]SUB(a,MUL(MUL(a,a),a))
92;0.5771708290459239;0.42283494266236654;[5.772e-01]SUB(a,MUL(MUL(a,a),a))
93;0.5771708290459239;0.42283494266236654;[5.772e-01]SUB(a,MUL(MUL(a,a),a))
94;0.5771708290459239;0.42283494266236654;[5.772e-01]SUB(a,MUL(MUL(a,a),a))
95;0.5771708290459239;0.42283494266236654;[5.772e-01]SUB(a,MUL(MUL(a,a),a))
96;0.5771708290459239;0.42283494266236654;[5.772e-01]SUB(a,MUL(MUL(a,a),a))
97;0.5771708290459239;0.42283494266236654;[5.772e-01]SUB(a,MUL(MUL(a,a),a))
98;0.5771708290459239;0.42283494266236654;[5.772e-01]SUB(a,MUL(MUL(a,a),a))
99;0.5771708290459239;0.42283494266236654;[5.772e-01]SUB(a,MUL(MUL(a,a),a))
100;0.5771708290459239;0.42283494266236654;[5.772e-01]SUB(a,MUL(MUL(a,a),a))
101;0.5771708290459239;0.42283494266236654;[5.772e-01]SUB(a,MUL(MUL(a,a),a))
102;0.5771708290459239;0.42283494266236654;[5.772e-01]SUB(a,MUL(MUL(a,a),a))
103;0.5771708290459239;0.42283494266236654;[5.772e-01]SUB(a,MUL(MUL(a,a),a))
104;0.5771708290459239;0.42283494266236654;[5.772e-01]SUB(a,MUL(MUL(a,a),a))
105;0.5771708290459239;0.42283494266236654;[5.772e-01]SUB(a,MUL(MUL(a,a),a))
106;0.5771708290459239;0.42283494266236654;[5.772e-01]SUB(a,MUL(MUL(a,a),a))
107;0.5771708290459239;0.42283494266236654;[5.772e-01]SUB(a,MUL(MUL(a,a),a))
108;0.5771708290459239;0.42283494266236654;[5.772e-01]SUB(a,MUL(MUL(a,a),a))
109;0.5771708290459239;0.42283494266236654;[5.772e-01]SUB(a,MUL(MUL(a,a),a))
110;0.5771708290459239;0.42283494266236654;[5.772e-01]SUB(a,MUL(MUL(a,a),a))
111;0.5771708290459239;0.42283494266236654;[5.772e-01]SUB(a,MUL(MUL(a,a),a))
112;0.5771708290459239;0.42283494266236654;[5.772e-01]SUB(a,MUL(MUL(a,a),a))
113;0.5771708290459239;0.42283494266236654;[5.772e-01]SUB(a,MUL(MUL(a,a),a))
114;0.5771708290459239;0.42283494266236654;[5.772e-01]SUB(a,MUL(MUL(a,a),a))
115;0.5771708290459239;0.42283494266236654;[5.772e-01]SUB(a,MUL(MUL(a,a),a))
116;0.5771708290459239;0.42283494266236654;[5.772e-01]SUB(a,MUL(MUL(a,a),a))
117;0.5771708290459239;0.42283494266236654;[5.772e-01]SUB(a,MUL(MUL(a,a),a))
118;0.5771708290459239;0.42283494266236654;[5.772e-01]SUB(a,MUL(MUL(a,a),a))
119;0.5771708290459239;0.42283494266236654;[5.772e-01]SUB(a,MUL(MUL(a,a),a))
120;0.5771708290459239;0.42283494266236654;[5.772e-01]SUB(a,MUL(MUL(a,a),a))
121;0.5771708290459239;0.42283494266236654;[5.772e-01]SUB(a,MUL(MUL(a,a),a))
122;0.5771708290459239;0.42283494266236654;[5.772e-01]SUB(a,MUL(MUL(a,a),a))
123;0.5771708290459239;0.42283494266236654;[5.772e-01]SUB(a,MUL(MUL(a,a),a))
124;0.5771708290459239;0.42283494266236654;[5.772e-01]SUB(a,MUL(MUL(a,a),a))
125;0.5771708290459239;0.42283494266236654;[5.772e-01]SUB(a,MUL(MUL(a,a),a))
126;0.5771708290459239;0.42283494266236654;[5.772e-01]SUB(a,MUL(MUL(a,a),a))
127;0.5771708290459239;0.42283494266236654;[5.772e-01]SUB(a,MUL(MUL(a,a),a))
128;0.5771708290459239;0.42283494266236654;[5.772e-01]SUB(a,MUL(MUL(a,a),a))
129;0.5771708290459239;0.42283494266236654;[5.772e-01]SUB(a,MUL(MUL(a,a),a))
130;0.5771708290459239;0.42283494266236654;[5.772e-01]SUB(a,MUL(MUL(a,a),a))
131;0.5771708290459239;0.42283494266236654;[5.772e-01]SUB(a,MUL(MUL(a,a),a))
132;0.5771708290459239;0.42283494266236654;[5.772e-01]SUB(a,MUL(MUL(a,a),a))
133;0.5771708290459239;0.42283494266236654;[5.772e-01]SUB(a,MUL(MUL(a,a),a))
134;0.5771708290459239;0.42283494266236654;[5.772e-01]SUB(a,MUL(MUL(a,a),a))
135;0.5771708290459239;0.42283494266236654;[5.772e-01]SUB(a,MUL(MUL(a,a),a))
136;0.5771708290459239;0.42283494266236654;[5.772e-01]SUB(a,MUL(MUL(a,a),a))
137;0.5771708290459239;0.42283494266236654;[5.772e-01]SUB(a,MUL(MUL(a,a),a))
138;0.5771708290459239;0.42283494266236654;[5.772e-01]SUB(a,MUL(MUL(a,a),a))
139;0.5771708290459239;0.42283494266236654;[5.772e-01]SUB(a,MUL(MUL(a,a),a))
140;0.5771708290459239;0.42283494266236654;[5.772e-01]SUB(a,MUL(MUL(a,a),a))
141;0.5771708290459239;0.42283494266236654;[5.772e-01]SUB(a,MUL(MUL(a,a),a))
142;0.5771708290459239;0.42283494266236654;[5.772e-01]SUB(a,MUL(MUL(a,a),a))
143;0.5771708290459239;0.42283494266236654;[5.772e-01]SUB(a,MUL(MUL(a,a),a))
144;0.5771708290459239;0.42283494266236654;[5.772e-01]SUB(a,MUL(MUL(a,a),a))
145;0.5771708290459239;0.42283494266236654;[5.772e-01]SUB(a,MUL(MUL(a,a),a))
146;0.5771708290459239;0.42283494266236654;[5.772e-01]SUB(a,MUL(MUL(a,a),a))
147;0.5771708290459239;0.42283494266236654;[5.772e-01]SUB(a,MUL(MUL(a,a),a))
148;0.5771708290459239;0.42283494266236654;[5.772e-01]SUB(a,MUL(MUL(a,a),a))
149;0.4488009874489043;0.5512035005609701;[4.488e-01]SUB(MUL(MUL(a,MUL(1.0463662383638948,a)),a),a)
150;0.4488009874489043;0.5512035005609701;[4.488e-01]SUB(MUL(MUL(a,MUL(1.0463662383638948,a)),a),a)
151;0.4488009874489043;0.5512035005609701;[4.488e-01]SUB(MUL(MUL(a,MUL(1.0463662383638948,a)),a),a)
152;0.4488009874489043;0.5512035005609701;[4.488e-01]SUB(MUL(MUL(a,MUL(1.0463662383638948,a)),a),a)
153;0.4488009874489043;0.5512035005609701;[4.488e-01]SUB(MUL(MUL(a,MUL(1.0463662383638948,a)),a),a)
154;0.35214729985662374;0.6478562216163748;[3.521e-01]SUB(MUL(MUL(MUL(1.0463662383638948,a),MUL(1.0463662383638948,a)),a),a)
155;0.3521472998566237;0.6478562216163748;[3.521e-01]SUB(MUL(MUL(MUL(1.0463662383638948,MUL(1.0463662383638948,a)),a),a),a)
156;0.292254368825636;0.7077485537180522;[2.923e-01]SUB(MUL(MUL(MUL(1.0463662383638948,MUL(1.0463662383638948,a)),a),MUL(1.0463662383638948,a)),a)
157;0.27473980967023703;0.7252629377278597;[2.747e-01]SUB(MUL(MUL(MUL(1.0463662383638948,MUL(1.0463662383638948,a)),a),MUL(1.0463662383638948,MUL(1.0463662383638948,a))),a)
158;0.27473980967023703;0.7252629377278597;[2.747e-01]SUB(MUL(MUL(MUL(1.0463662383638948,MUL(1.0463662383638948,a)),a),MUL(1.0463662383638948,MUL(1.0463662383638948,a))),a)
159;0.27473980967023703;0.7252629377278597;[2.747e-01]SUB(MUL(MUL(MUL(1.0463662383638948,MUL(1.0463662383638948,a)),a),MUL(1.0463662383638948,MUL(1.0463662383638948,a))),a)
160;0.27473980967023703;0.7252629377278597;[2.747e-01]SUB(MUL(MUL(MUL(1.0463662383638948,MUL(1.0463662383638948,a)),a),MUL(1.0463662383638948,MUL(1.0463662383638948,a))),a)
161;0.27473980967023703;0.7252629377278597;[2.747e-01]SUB(MUL(MUL(MUL(1.0463662383638948,MUL(1.0463662383638948,a)),a),MUL(1.0463662383638948,MUL(1.0463662383638948,a))),a)
162;0.27473980967023703;0.7252629377278597;[2.747e-01]SUB(MUL(MUL(MUL(1.0463662383638948,MUL(1.0463662383638948,a)),a),MUL(1.0463662383638948,MUL(1.0463662383638948,a))),a)
163;0.27473980967023703;0.7252629377278597;[2.747e-01]SUB(MUL(MUL(MUL(1.0463662383638948,MUL(1.0463662383638948,a)),a),MUL(1.0463662383638948,MUL(1.0463662383638948,a))),a)
164;0.27473980967023703;0.7252629377278597;[2.747e-01]SUB(MUL(MUL(MUL(1.0463662383638948,MUL(1.0463662383638948,a)),a),MUL(1.0463662383638948,MUL(1.0463662383638948,a))),a)
165;0.27473980967023703;0.7252629377278597;[2.747e-01]SUB(MUL(MUL(MUL(1.0463662383638948,MUL(1.0463662383638948,a)),a),MUL(1.0463662383638948,MUL(1.0463662383638948,a))),a)
166;0.27473980967023703;0.7252629377278597;[2.747e-01]SUB(MUL(MUL(MUL(1.0463662383638948,MUL(1.0463662383638948,a)),a),MUL(1.0463662383638948,MUL(1.0463662383638948,a))),a)
167;0.27473980967023703;0.7252629377278597;[2.747e-01]SUB(MUL(MUL(MUL(1.0463662383638948,MUL(1.0463662383638948,a)),a),MUL(1.0463662383638948,MUL(1.0463662383638948,a))),a)
168;0.27473980967023703;0.7252629377278597;[2.747e-01]SUB(MUL(MUL(MUL(1.0463662383638948,MUL(1.0463662383638948,a)),a),MUL(1.0463662383638948,MUL(1.0463662383638948,a))),a)
169;0.27473980967023703;0.7252629377278597;[2.747e-01]SUB(MUL(MUL(MUL(1.0463662383638948,MUL(1.0463662383638948,a)),a),MUL(1.0463662383638948,MUL(1.0463662383638948,a))),a)
170;0.27473980967023703;0.7252629377278597;[2.747e-01]SUB(MUL(MUL(MUL(1.0463662383638948,MUL(1.0463662383638948,a)),a),MUL(1.0463662383638948,MUL(1.0463662383638948,a))),a)
171;0.27473980967023703;0.7252629377278597;[2.747e-01]SUB(MUL(MUL(MUL(1.0463662383638948,MUL(1.0463662383638948,a)),a),MUL(1.0463662383638948,MUL(1.0463662383638948,a))),a)
172;0.27473980967023703;0.7252629377278597;[2.747e-01]SUB(MUL(MUL(MUL(1.0463662383638948,MUL(1.0463662383638948,a)),a),MUL(1.0463662383638948,MUL(1.0463662383638948,a))),a)
173;0.27473980967023703;0.7252629377278597;[2.747e-01]SUB(MUL(MUL(MUL(1.0463662383638948,MUL(1.0463662383638948,a)),a),MUL(1.0463662383638948,MUL(1.0463662383638948,a))),a)
174;0.27473980967023703;0.7252629377278597;[2.747e-01]SUB(MUL(MUL(MUL(1.0463662383638948,MUL(1.0463662383638948,a)),a),MUL(1.0463662383638948,MUL(1.0463662383638948,a))),a)
175;0.27473980967023703;0.7252629377278597;[2.747e-01]SUB(MUL(MUL(MUL(1.0463662383638948,MUL(1.0463662383638948,a)),a),MUL(1.0463662383638948,MUL(1.0463662383638948,a))),a)
176;0.27473980967023703;0.7252629377278597;[2.747e-01]SUB(MUL(MUL(MUL(1.0463662383638948,MUL(1.0463662383638948,a)),a),MUL(1.0463662383638948,MUL(1.0463662383638948,a))),a)
177;0.27473980967023703;0.7252629377278597;[2.747e-01]SUB(MUL(MUL(MUL(1.0463662383638948,MUL(1.0463662383638948,a)),a),MUL(1.0463662383638948,MUL(1.0463662383638948,a))),a)
178;0.27473980967023703;0.7252629377278597;[2.747e-01]SUB(MUL(MUL(MUL(1.0463662383638948,MUL(1.0463662383638948,a)),a),MUL(1.0463662383638948,MUL(1.0463662383638948,a))),a)
179;0.27473980967023703;0.7252629377278597;[2.747e-01]SUB(MUL(MUL(MUL(1.0463662383638948,MUL(1.0463662383638948,a)),a),MUL(1.0463662383638948,MUL(1.0463662383638948,a))),a)
180;0.27473980967023703;0.7252629377278597;[2.747e-01]SUB(MUL(MUL(MUL(1.0463662383638948,MUL(1.0463662383638948,a)),a),MUL(1.0463662383638948,MUL(1.0463662383638948,a))),a)
181;0.27473980967023703;0.7252629377278597;[2.747e-01]SUB(MUL(MUL(MUL(1.0463662383638948,MUL(1.0463662383638948,a)),a),MUL(1.0463662383638948,MUL(1.0463662383638948,a))),a)
182;0.27473980967023703;0.7252629377278597;[2.747e-01]SUB(MUL(MUL(MUL(1.0463662383638948,MUL(1.0463662383638948,a)),a),MUL(1.0463662383638948,MUL(1.0463662383638948,a))),a)
183;0.27473980967023703;0.7252629377278597;[2.747e-01]SUB(MUL(MUL(MUL(1.0463662383638948,MUL(1.0463662383638948,a)),a),MUL(1.0463662383638948,MUL(1.0463662383638948,a))),a)
184;0.27473980967023703;0.7252629377278597;[2.747e-01]SUB(MUL(MUL(MUL(1.0463662383638948,MUL(1.0463662383638948,a)),a),MUL(1.0463662383638948,MUL(1.0463662383638948,a))),a)
185;0.27473980967023703;0.7252629377278597;[2.747e-01]SUB(MUL(MUL(MUL(1.0463662383638948,MUL(1.0463662383638948,a)),a),MUL(1.0463662383638948,MUL(1.0463662383638948,a))),a)
186;0.27473980967023703;0.7252629377278597;[2.747e-01]SUB(MUL(MUL(MUL(1.0463662383638948,MUL(1.0463662383638948,a)),a),MUL(1.0463662383638948,MUL(1.0463662383638948,a))),a)
187;0.27473980967023703;0.7252629377278597;[2.747e-01]SUB(MUL(MUL(MUL(1.0463662383638948,MUL(1.0463662383638948,a)),a),MUL(1.0463662383638948,MUL(1.0463662383638948,a))),a)
188;0.27473980967023703;0.7252629377278597;[2.747e-01]SUB(MUL(MUL(MUL(1.0463662383638948,MUL(1.0463662383638948,a)),a),MUL(1.0463662383638948,MUL(1.0463662383638948,a))),a)
189;0.27473980967023703;0.7252629377278597;[2.747e-01]SUB(MUL(MUL(MUL(1.0463662383638948,MUL(1.0463662383638948,a)),a),MUL(1.0463662383638948,MUL(1.0463662383638948,a))),a)
190;0.27473980967023703;0.7252629377278597;[2.747e-01]SUB(MUL(MUL(MUL(1.0463662383638948,MUL(1.0463662383638948,a)),a),MUL(1.0463662383638948,MUL(1.0463662383638948,a))),a)
191;0.27473980967023703;0.7252629377278597;[2.747e-01]SUB(MUL(MUL(MUL(1.0463662383638948,MUL(1.0463662383638948,a)),a),MUL(1.0463662383638948,MUL(1.0463662383638948,a))),a)
192;0.27473980967023703;0.7252629377278597;[2.747e-01]SUB(MUL(MUL(MUL(1.0463662383638948,MUL(1.0463662383638948,a)),a),MUL(1.0463662383638948,MUL(1.0463662383638948,a))),a)
193;0.27473980967023703;0.7252629377278597;[2.747e-01]SUB(MUL(MUL(MUL(1.0463662383638948,MUL(1.0463662383638948,a)),a),MUL(1.0463662383638948,MUL(1.0463662383638948,a))),a)
194;0.27473980967023703;0.7252629377278597;[2.747e-01]SUB(MUL(MUL(MUL(1.0463662383638948,MUL(1.0463662383638948,a)),a),MUL(1.0463662383638948,MUL(1.0463662383638948,a))),a)
195;0.27473980967023703;0.7252629377278597;[2.747e-01]SUB(MUL(MUL(MUL(1.0463662383638948,MUL(1.0463662383638948,a)),a),MUL(1.0463662383638948,MUL(1.0463662383638948,a))),a)
196;0.27473980967023703;0.7252629377278597;[2.747e-01]SUB(MUL(MUL(MUL(1.0463662383638948,MUL(1.0463662383638948,a)),a),MUL(1.0463662383638948,MUL(1.0463662383638948,a))),a)
197;0.27473980967023703;0.7252629377278597;[2.747e-01]SUB(MUL(MUL(MUL(1.0463662383638948,MUL(1.0463662383638948,a)),a),MUL(1.0463662383638948,MUL(1.0463662383638948,a))),a)
198;0.27473980967023703;0.7252629377278597;[2.747e-01]SUB(MUL(MUL(MUL(1.0463662383638948,MUL(1.0463662383638948,a)),a),MUL(1.0463662383638948,MUL(1.0463662383638948,a))),a)
199;0.27473980967023703;0.7252629377278597;[2.747e-01]SUB(MUL(MUL(MUL(1.0463662383638948,MUL(1.0463662383638948,a)),a),MUL(1.0463662383638948,MUL(1.0463662383638948,a))),a)
200;0.27473980967023703;0.7252629377278597;[2.747e-01]SUB(MUL(MUL(MUL(1.0463662383638948,MUL(1.0463662383638948,a)),a),MUL(1.0463662383638948,MUL(1.0463662383638948,a))),a)
201;0.27473980967023703;0.7252629377278597;[2.747e-01]SUB(MUL(MUL(MUL(1.0463662383638948,MUL(1.0463662383638948,a)),a),MUL(1.0463662383638948,MUL(1.0463662383638948,a))),a)
202;0.27473980967023703;0.7252629377278597;[2.747e-01]SUB(MUL(MUL(MUL(1.0463662383638948,MUL(1.0463662383638948,a)),a),MUL(1.0463662383638948,MUL(1.0463662383638948,a))),a)
203;0.27473980967023703;0.7252629377278597;[2.747e-01]SUB(MUL(MUL(MUL(1.0463662383638948,MUL(1.0463662383638948,a)),a),MUL(1.0463662383638948,MUL(1.0463662383638948,a))),a)
204;0.27473980967023703;0.7252629377278597;[2.747e-01]SUB(MUL(MUL(MUL(1.0463662383638948,MUL(1.0463662383638948,a)),a),MUL(1.0463662383638948,MUL(1.0463662383638948,a))),a)
205;0.27473980967023703;0.7252629377278597;[2.747e-01]SUB(MUL(MUL(MUL(1.0463662383638948,MUL(1.0463662383638948,a)),a),MUL(1.0463662383638948,MUL(1.0463662383638948,a))),a)
206;0.27473980967023703;0.7252629377278597;[2.747e-01]SUB(MUL(MUL(MUL(1.0463662383638948,MUL(1.0463662383638948,a)),a),MUL(1.0463662383638948,MUL(1.0463662383638948,a))),a)
207;0.27473980967023703;0.7252629377278597;[2.747e-01]SUB(MUL(MUL(MUL(1.0463662383638948,MUL(1.0463662383638948,a)),a),MUL(1.0463662383638948,MUL(1.0463662383638948,a))),a)
208;0.27473980967023703;0.7252629377278597;[2.747e-01]SUB(MUL(MUL(MUL(1.0463662383638948,MUL(1.0463662383638948,a)),a),MUL(1.0463662383638948,MUL(1.0463662383638948,a))),a)
209;0.27473980967023703;0.7252629377278597;[2.747e-01]SUB(MUL(MUL(MUL(1.0463662383638948,MUL(1.0463662383638948,a)),a),MUL(1.0463662383638948,MUL(1.0463662383638948,a))),a)
210;0.27473980967023703;0.7252629377278597;[2.747e-01]SUB(MUL(MUL(MUL(1.0463662383638948,MUL(1.0463662383638948,a)),a),MUL(1.0463662383638948,MUL(1.0463662383638948,a))),a)
211;0.27473980967023703;0.7252629377278597;[2.747e-01]SUB(MUL(MUL(MUL(1.0463662383638948,MUL(1.0463662383638948,a)),a),MUL(1.0463662383638948,MUL(1.0463662383638948,a))),a)
212;0.27473980967023703;0.7252629377278597;[2.747e-01]SUB(MUL(MUL(MUL(1.0463662383638948,MUL(1.0463662383638948,a)),a),MUL(1.0463662383638948,MUL(1.0463662383638948,a))),a)
213;0.27473980967023703;0.7252629377278597;[2.747e-01]SUB(MUL(MUL(MUL(1.0463662383638948,MUL(1.0463662383638948,a)),a),MUL(1.0463662383638948,MUL(1.0463662383638948,a))),a)
214;0.27473980967023703;0.7252629377278597;[2.747e-01]SUB(MUL(MUL(MUL(1.0463662383638948,MUL(1.0463662383638948,a)),a),MUL(1.0463662383638948,MUL(1.0463662383638948,a))),a)
215;0.27473980967023703;0.7252629377278597;[2.747e-01]SUB(MUL(MUL(MUL(1.0463662383638948,MUL(1.0463662383638948,a)),a),MUL(1.0463662383638948,MUL(1.0463662383638948,a))),a)
216;0.27473980967023703;0.7252629377278597;[2.747e-01]SUB(MUL(MUL(MUL(1.0463662383638948,MUL(1.0463662383638948,a)),a),MUL(1.0463662383638948,MUL(1.0463662383638948,a))),a)
217;0.27473980967023703;0.7252629377278597;[2.747e-01]SUB(MUL(MUL(MUL(1.0463662383638948,MUL(1.0463662383638948,a)),a),MUL(1.0463662383638948,MUL(1.0463662383638948,a))),a)
218;0.27473980967023703;0.7252629377278597;[2.747e-01]SUB(MUL(MUL(MUL(1.0463662383638948,MUL(1.0463662383638948,a)),a),MUL(1.0463662383638948,MUL(1.0463662383638948,a))),a)
219;0.27473980967023703;0.7252629377278597;[2.747e-01]SUB(MUL(MUL(MUL(1.0463662383638948,MUL(1.0463662383638948,a)),a),MUL(1.0463662383638948,MUL(1.0463662383638948,a))),a)
220;0.27473980967023703;0.7252629377278597;[2.747e-01]SUB(MUL(MUL(MUL(1.0463662383638948,MUL(1.0463662383638948,a)),a),MUL(1.0463662383638948,MUL(1.0463662383638948,a))),a)
221;0.27473980967023703;0.7252629377278597;[2.747e-01]SUB(MUL(MUL(MUL(1.0463662383638948,MUL(1.0463662383638948,a)),a),MUL(1.0463662383638948,MUL(1.0463662383638948,a))),a)
222;0.27473980967023703;0.7252629377278597;[2.747e-01]SUB(MUL(MUL(MUL(1.0463662383638948,MUL(1.0463662383638948,a)),a),MUL(1.0463662383638948,MUL(1.0463662383638948,a))),a)
223;0.27473980967023703;0.7252629377278597;[2.747e-01]SUB(MUL(MUL(MUL(1.0463662383638948,MUL(1.0463662383638948,a)),a),MUL(1.0463662383638948,MUL(1.0463662383638948,a))),a)
224;0.27473980967023703;0.7252629377278597;[2.747e-01]SUB(MUL(MUL(MUL(1.0463662383638948,MUL(1.0463662383638948,a)),a),MUL(1.0463662383638948,MUL(1.0463662383638948,a))),a)
225;0.27473980967023703;0.7252629377278597;[2.747e-01]SUB(MUL(MUL(MUL(1.0463662383638948,MUL(1.0463662383638948,a)),a),MUL(1.0463662383638948,MUL(1.0463662383638948,a))),a)
226;0.27473980967023703;0.7252629377278597;[2.747e-01]SUB(MUL(MUL(MUL(1.0463662383638948,MUL(1.0463662383638948,a)),a),MUL(1.0463662383638948,MUL(1.0463662383638948,a))),a)
227;0.27473980967023703;0.7252629377278597;[2.747e-01]SUB(MUL(MUL(MUL(1.0463662383638948,MUL(1.0463662383638948,a)),a),MUL(1.0463662383638948,MUL(1.0463662383638948,a))),a)
228;0.27473980967023703;0.7252629377278597;[2.747e-01]SUB(MUL(MUL(MUL(1.0463662383638948,MUL(1.0463662383638948,a)),a),MUL(1.0463662383638948,MUL(1.0463662383638948,a))),a)
229;0.27473980967023703;0.7252629377278597;[2.747e-01]SUB(MUL(MUL(MUL(1.0463662383638948,MUL(1.0463662383638948,a)),a),MUL(1.0463662383638948,MUL(1.0463662383638948,a))),a)
